# Created at 2023-01-10T04:39:01.748
TestSet has not finished before stream error has appeared >> initializing exit by non-null configuration: DEFAULT
java.io.EOFException
	at java.base/java.io.DataInputStream.readInt(DataInputStream.java:397)
	at org.apache.maven.surefire.booter.MasterProcessCommand.decode(MasterProcessCommand.java:115)
	at org.apache.maven.surefire.booter.CommandReader$CommandRunnable.run(CommandReader.java:391)
	at java.base/java.lang.Thread.run(Thread.java:829)


# Created at 2023-01-10T04:39:06.140
Unexpected IOException: 8,1,testCases.Test2_Advertise,ad_test(testCases.Test2_Advertise),null,element not interactable\000A  (Session info: headless chrome=108.0.5359.125)\000ABuild info: version: '4.6.0'\002C revision: '79f1c02ae20'\000ASystem info: os.name: 'Windows 11'\002C os.arch: 'amd64'\002C os.version: '10.0'\002C java.version: '11.0.15'\000ADriver info: org.openqa.selenium.chrome.ChromeDriver\000ACommand: [f4224270b725a512fe8b462a455e72f2\002C clickElement {id=e8a51dda-bc07-4575-a890-7a6a7adcda35}]\000ACapabilities {acceptInsecureCerts: false\002C browserName: chrome\002C browserVersion: 108.0.5359.125\002C chrome: {chromedriverVersion: 108.0.5359.71 (1e0e3868ee06...\002C userDataDir: C:\005CUsers\005CPRITAM~1\005CAppData\005CL...}\002C goog:chromeOptions: {debuggerAddress: localhost:64798}\002C networkConnectionEnabled: false\002C pageLoadStrategy: normal\002C platformName: WINDOWS\002C proxy: Proxy()\002C se:cdp: ws://localhost:64798/devtoo...\002C se:cdpVersion: 108.0.5359.125\002C setWindowRect: true\002C strictFileInteractability: false\002C timeouts: {implicit: 0\002C pageLoad: 300000\002C script: 30000}\002C unhandledPromptBehavior: dismiss and notify\002C webauthn:extension:credBlob: true\002C webauthn:extension:largeBlob: true\002C webauthn:virtualAuthenticators: true}\000AElement: [[ChromeDriver: chrome on WINDOWS (f4224270b725a512fe8b462a455e72f2)] -> xpath: //span[contains(text()\002C'Advertise')]]\000ASession ID: f4224270b725a512fe8b462a455e72f2,null,element not interactable\000A  (Session info: headless chrome=108.0.5359.125)\000ABuild info: version: '4.6.0'\002C revision: '79f1c02ae20'\000ASystem info: os.name: 'Windows 11'\002C os.arch: 'amd64'\002C os.version: '10.0'\002C java.version: '11.0.15'\000ADriver info: org.openqa.selenium.chrome.ChromeDriver\000ACommand: [f4224270b725a512fe8b462a455e72f2\002C clickElement {id=e8a51dda-bc07-4575-a890-7a6a7adcda35}]\000ACapabilities {acceptInsecureCerts: false\002C browserName: chrome\002C browserVersion: 108.0.5359.125\002C chrome: {chromedriverVersion: 108.0.5359.71 (1e0e3868ee06...\002C userDataDir: C:\005CUsers\005CPRITAM~1\005CAppData\005CL...}\002C goog:chromeOptions: {debuggerAddress: localhost:64798}\002C networkConnectionEnabled: false\002C pageLoadStrategy: normal\002C platformName: WINDOWS\002C proxy: Proxy()\002C se:cdp: ws://localhost:64798/devtoo...\002C se:cdpVersion: 108.0.5359.125\002C setWindowRect: true\002C strictFileInteractability: false\002C timeouts: {implicit: 0\002C pageLoad: 300000\002C script: 30000}\002C unhandledPromptBehavior: dismiss and notify\002C webauthn:extension:credBlob: true\002C webauthn:extension:largeBlob: true\002C webauthn:virtualAuthenticators: true}\000AElement: [[ChromeDriver: chrome on WINDOWS (f4224270b725a512fe8b462a455e72f2)] -> xpath: //span[contains(text()\002C'Advertise')]]\000ASession ID: f4224270b725a512fe8b462a455e72f2,Test2_Advertise.ad_test:21 \00BB ElementNotInteractable element not interactable\000A ...,org.openqa.selenium.ElementNotInteractableException: \000Aelement not interactable\000A  (Session info: headless chrome=108.0.5359.125)\000ABuild info: version: '4.6.0'\002C revision: '79f1c02ae20'\000ASystem info: os.name: 'Windows 11'\002C os.arch: 'amd64'\002C os.version: '10.0'\002C java.version: '11.0.15'\000ADriver info: org.openqa.selenium.chrome.ChromeDriver\000ACommand: [f4224270b725a512fe8b462a455e72f2\002C clickElement {id=e8a51dda-bc07-4575-a890-7a6a7adcda35}]\000ACapabilities {acceptInsecureCerts: false\002C browserName: chrome\002C browserVersion: 108.0.5359.125\002C chrome: {chromedriverVersion: 108.0.5359.71 (1e0e3868ee06...\002C userDataDir: C:\005CUsers\005CPRITAM~1\005CAppData\005CL...}\002C goog:chromeOptions: {debuggerAddress: localhost:64798}\002C networkConnectionEnabled: false\002C pageLoadStrategy: normal\002C platformName: WINDOWS\002C proxy: Proxy()\002C se:cdp: ws://localhost:64798/devtoo...\002C se:cdpVersion: 108.0.5359.125\002C setWindowRect: true\002C strictFileInteractability: false\002C timeouts: {implicit: 0\002C pageLoad: 300000\002C script: 30000}\002C unhandledPromptBehavior: dismiss and notify\002C webauthn:extension:credBlob: true\002C webauthn:extension:largeBlob: true\002C webauthn:virtualAuthenticators: true}\000AElement: [[ChromeDriver: chrome on WINDOWS (f4224270b725a512fe8b462a455e72f2)] -> xpath: //span[contains(text()\002C'Advertise')]]\000ASession ID: f4224270b725a512fe8b462a455e72f2\000A\0009at testCases.Test2_Advertise.ad_test(Test2_Advertise.java:21)\000A


# Created at 2023-01-10T04:39:06.141
Unexpected IOException with stream: ad_test


# Created at 2023-01-10T04:39:06.142
Unexpected IOException with stream: org.openqa.selenium.ElementNotInteractableException: element not interactable
  (Session info: headless chrome=108.0.5359.125)
Build info: version: '4.6.0', revision: '79f1c02ae20'
System info: os.name: 'Windows 11', os.arch: 'amd64', os.version: '10.0', java.version: '11.0.15'
Driver info: org.openqa.selenium.chrome.ChromeDriver
Command: [f4224270b725a512fe8b462a455e72f2, clickElement {id=e8a51dda-bc07-4575-a890-7a6a7adcda35}]
Capabilities {acceptInsecureCerts: false, browserName: chrome, browserVersion: 108.0.5359.125, chrome: {chromedriverVersion: 108.0.5359.71 (1e0e3868ee06..., userDataDir: C:\Users\PRITAM~1\AppData\L...}, goog:chromeOptions: {debuggerAddress: localhost:64798}, networkConnectionEnabled: false, pageLoadStrategy: normal, platformName: WINDOWS, proxy: Proxy(), se:cdp: ws://localhost:64798/devtoo..., se:cdpVersion: 108.0.5359.125, setWindowRect: true, strictFileInteractability: false, timeouts: {implicit: 0, pageLoad: 300000, script: 30000}, unhandledPromptBehavior: dismiss and notify, webauthn:extension:credBlob: true, webauthn:extension:largeBlob: true, webauthn:virtualAuthenticators: true}
Element: [[ChromeDriver: chrome on WINDOWS (f4224270b725a512fe8b462a455e72f2)] -> xpath: //span[contains(text(),'Advertise')]]
Session ID: f4224270b725a512fe8b462a455e72f2
	at java.base/jdk.internal.reflect.NativeConstructorAccessorImpl.newInstance0(Native Method)
	at java.base/jdk.internal.reflect.NativeConstructorAccessorImpl.newInstance(NativeConstructorAccessorImpl.java:62)
	at java.base/jdk.internal.reflect.DelegatingConstructorAccessorImpl.newInstance(DelegatingConstructorAccessorImpl.java:45)
	at java.base/java.lang.reflect.Constructor.newInstance(Constructor.java:490)
	at org.openqa.selenium.remote.codec.w3c.W3CHttpResponseCodec.createException(W3CHttpResponseCodec.java:200)
	at org.openqa.selenium.remote.codec.w3c.W3CHttpResponseCodec.decode(W3CHttpResponseCodec.java:133)
	at org.openqa.selenium.remote.codec.w3c.W3CHttpResponseCodec.decode(W3CHttpResponseCodec.java:53)
	at org.openqa.selenium.remote.HttpCommandExecutor.execute(HttpCommandExecutor.java:184)
	at org.openqa.selenium.remote.service.DriverCommandExecutor.invokeExecute(DriverCommandExecutor.java:167)
	at org.openqa.selenium.remote.service.DriverCommandExecutor.execute(DriverCommandExecutor.java:142)
	at org.openqa.selenium.remote.RemoteWebDriver.execute(RemoteWebDriver.java:541)
	at org.openqa.selenium.remote.RemoteWebElement.execute(RemoteWebElement.java:257)
	at org.openqa.selenium.remote.RemoteWebElement.click(RemoteWebElement.java:78)
	at java.base/jdk.internal.reflect.NativeMethodAccessorImpl.invoke0(Native Method)
	at java.base/jdk.internal.reflect.NativeMethodAccessorImpl.invoke(NativeMethodAccessorImpl.java:62)
	at java.base/jdk.internal.reflect.DelegatingMethodAccessorImpl.invoke(DelegatingMethodAccessorImpl.java:43)
	at java.base/java.lang.reflect.Method.invoke(Method.java:566)
	at org.openqa.selenium.support.pagefactory.internal.LocatingElementHandler.invoke(LocatingElementHandler.java:52)
	at com.sun.proxy.$Proxy16.click(Unknown Source)
	at Pages.Advertise_page.Advertisement_Function(Advertise_page.java:37)
	at testCases.Test2_Advertise.ad_test(Test2_Advertise.java:21)
	at java.base/jdk.internal.reflect.NativeMethodAccessorImpl.invoke0(Native Method)
	at java.base/jdk.internal.reflect.NativeMethodAccessorImpl.invoke(NativeMethodAccessorImpl.java:62)
	at java.base/jdk.internal.reflect.DelegatingMethodAccessorImpl.invoke(DelegatingMethodAccessorImpl.java:43)
	at java.base/java.lang.reflect.Method.invoke(Method.java:566)
	at org.testng.internal.MethodInvocationHelper.invokeMethod(MethodInvocationHelper.java:134)
	at org.testng.internal.TestInvoker.invokeMethod(TestInvoker.java:597)
	at org.testng.internal.TestInvoker.invokeTestMethod(TestInvoker.java:173)
	at org.testng.internal.MethodRunner.runInSequence(MethodRunner.java:46)
	at org.testng.internal.TestInvoker$MethodInvocationAgent.invoke(TestInvoker.java:816)
	at org.testng.internal.TestInvoker.invokeTestMethods(TestInvoker.java:146)
	at org.testng.internal.TestMethodWorker.invokeTestMethods(TestMethodWorker.java:146)
	at org.testng.internal.TestMethodWorker.run(TestMethodWorker.java:128)
	at java.base/java.util.ArrayList.forEach(ArrayList.java:1541)
	at org.testng.TestRunner.privateRun(TestRunner.java:766)
	at org.testng.TestRunner.run(TestRunner.java:587)
	at org.testng.SuiteRunner.runTest(SuiteRunner.java:384)
	at org.testng.SuiteRunner.runSequentially(SuiteRunner.java:378)
	at org.testng.SuiteRunner.privateRun(SuiteRunner.java:337)
	at org.testng.SuiteRunner.run(SuiteRunner.java:286)
	at org.testng.SuiteRunnerWorker.runSuite(SuiteRunnerWorker.java:53)
	at org.testng.SuiteRunnerWorker.run(SuiteRunnerWorker.java:96)
	at org.testng.TestNG.runSuitesSequentially(TestNG.java:1187)
	at org.testng.TestNG.runSuitesLocally(TestNG.java:1109)
	at org.testng.TestNG.runSuites(TestNG.java:1039)
	at org.testng.TestNG.run(TestNG.java:1007)
	at org.apache.maven.surefire.testng.TestNGExecutor.run(TestNGExecutor.java:135)
	at org.apache.maven.surefire.testng.TestNGDirectoryTestSuite.executeMulti(TestNGDirectoryTestSuite.java:193)
	at org.apache.maven.surefire.testng.TestNGDirectoryTestSuite.execute(TestNGDirectoryTestSuite.java:94)
	at org.apache.maven.surefire.testng.TestNGProvider.invoke(TestNGProvider.java:146)
	at org.apache.maven.surefire.booter.ForkedBooter.invokeProviderInSameClassLoader(ForkedBooter.java:384)
	at org.apache.maven.surefire.booter.ForkedBooter.runSuitesInProcess(ForkedBooter.java:345)
	at org.apache.maven.surefire.booter.ForkedBooter.execute(ForkedBooter.java:126)
	at org.apache.maven.surefire.booter.ForkedBooter.main(ForkedBooter.java:418)



# Created at 2023-01-10T04:39:07.374
Unexpected IOException: 5,1,testCases.Test3_Careers,Careers_Test(testCases.Test3_Careers),testCases.Test3_Careers,null,null


# Created at 2023-01-10T04:39:07.401
Unexpected IOException with stream: 01-10-2023 04:39:07 Careers_Page.java INFO  [main] Pages.Careers_Page 44 - Page scrolled


# Created at 2023-01-10T04:39:12.462
Unexpected IOException: 8,1,testCases.Test3_Careers,Careers_Test(testCases.Test3_Careers),null,element not interactable\000A  (Session info: headless chrome=108.0.5359.125)\000ABuild info: version: '4.6.0'\002C revision: '79f1c02ae20'\000ASystem info: os.name: 'Windows 11'\002C os.arch: 'amd64'\002C os.version: '10.0'\002C java.version: '11.0.15'\000ADriver info: org.openqa.selenium.chrome.ChromeDriver\000ACommand: [f4224270b725a512fe8b462a455e72f2\002C clickElement {id=92c83d67-94f6-4fc3-a6da-5efb2020c664}]\000ACapabilities {acceptInsecureCerts: false\002C browserName: chrome\002C browserVersion: 108.0.5359.125\002C chrome: {chromedriverVersion: 108.0.5359.71 (1e0e3868ee06...\002C userDataDir: C:\005CUsers\005CPRITAM~1\005CAppData\005CL...}\002C goog:chromeOptions: {debuggerAddress: localhost:64798}\002C networkConnectionEnabled: false\002C pageLoadStrategy: normal\002C platformName: WINDOWS\002C proxy: Proxy()\002C se:cdp: ws://localhost:64798/devtoo...\002C se:cdpVersion: 108.0.5359.125\002C setWindowRect: true\002C strictFileInteractability: false\002C timeouts: {implicit: 0\002C pageLoad: 300000\002C script: 30000}\002C unhandledPromptBehavior: dismiss and notify\002C webauthn:extension:credBlob: true\002C webauthn:extension:largeBlob: true\002C webauthn:virtualAuthenticators: true}\000AElement: [[ChromeDriver: chrome on WINDOWS (f4224270b725a512fe8b462a455e72f2)] -> xpath: //a[contains(text()\002C'Careers')]]\000ASession ID: f4224270b725a512fe8b462a455e72f2,null,element not interactable\000A  (Session info: headless chrome=108.0.5359.125)\000ABuild info: version: '4.6.0'\002C revision: '79f1c02ae20'\000ASystem info: os.name: 'Windows 11'\002C os.arch: 'amd64'\002C os.version: '10.0'\002C java.version: '11.0.15'\000ADriver info: org.openqa.selenium.chrome.ChromeDriver\000ACommand: [f4224270b725a512fe8b462a455e72f2\002C clickElement {id=92c83d67-94f6-4fc3-a6da-5efb2020c664}]\000ACapabilities {acceptInsecureCerts: false\002C browserName: chrome\002C browserVersion: 108.0.5359.125\002C chrome: {chromedriverVersion: 108.0.5359.71 (1e0e3868ee06...\002C userDataDir: C:\005CUsers\005CPRITAM~1\005CAppData\005CL...}\002C goog:chromeOptions: {debuggerAddress: localhost:64798}\002C networkConnectionEnabled: false\002C pageLoadStrategy: normal\002C platformName: WINDOWS\002C proxy: Proxy()\002C se:cdp: ws://localhost:64798/devtoo...\002C se:cdpVersion: 108.0.5359.125\002C setWindowRect: true\002C strictFileInteractability: false\002C timeouts: {implicit: 0\002C pageLoad: 300000\002C script: 30000}\002C unhandledPromptBehavior: dismiss and notify\002C webauthn:extension:credBlob: true\002C webauthn:extension:largeBlob: true\002C webauthn:virtualAuthenticators: true}\000AElement: [[ChromeDriver: chrome on WINDOWS (f4224270b725a512fe8b462a455e72f2)] -> xpath: //a[contains(text()\002C'Careers')]]\000ASession ID: f4224270b725a512fe8b462a455e72f2,Test3_Careers.Careers_Test:22 \00BB ElementNotInteractable element not interactabl...,org.openqa.selenium.ElementNotInteractableException: \000Aelement not interactable\000A  (Session info: headless chrome=108.0.5359.125)\000ABuild info: version: '4.6.0'\002C revision: '79f1c02ae20'\000ASystem info: os.name: 'Windows 11'\002C os.arch: 'amd64'\002C os.version: '10.0'\002C java.version: '11.0.15'\000ADriver info: org.openqa.selenium.chrome.ChromeDriver\000ACommand: [f4224270b725a512fe8b462a455e72f2\002C clickElement {id=92c83d67-94f6-4fc3-a6da-5efb2020c664}]\000ACapabilities {acceptInsecureCerts: false\002C browserName: chrome\002C browserVersion: 108.0.5359.125\002C chrome: {chromedriverVersion: 108.0.5359.71 (1e0e3868ee06...\002C userDataDir: C:\005CUsers\005CPRITAM~1\005CAppData\005CL...}\002C goog:chromeOptions: {debuggerAddress: localhost:64798}\002C networkConnectionEnabled: false\002C pageLoadStrategy: normal\002C platformName: WINDOWS\002C proxy: Proxy()\002C se:cdp: ws://localhost:64798/devtoo...\002C se:cdpVersion: 108.0.5359.125\002C setWindowRect: true\002C strictFileInteractability: false\002C timeouts: {implicit: 0\002C pageLoad: 300000\002C script: 30000}\002C unhandledPromptBehavior: dismiss and notify\002C webauthn:extension:credBlob: true\002C webauthn:extension:largeBlob: true\002C webauthn:virtualAuthenticators: true}\000AElement: [[ChromeDriver: chrome on WINDOWS (f4224270b725a512fe8b462a455e72f2)] -> xpath: //a[contains(text()\002C'Careers')]]\000ASession ID: f4224270b725a512fe8b462a455e72f2\000A\0009at testCases.Test3_Careers.Careers_Test(Test3_Careers.java:22)\000A


# Created at 2023-01-10T04:39:12.463
Unexpected IOException with stream: Careers_Test


# Created at 2023-01-10T04:39:12.464
Unexpected IOException with stream: org.openqa.selenium.ElementNotInteractableException: element not interactable
  (Session info: headless chrome=108.0.5359.125)
Build info: version: '4.6.0', revision: '79f1c02ae20'
System info: os.name: 'Windows 11', os.arch: 'amd64', os.version: '10.0', java.version: '11.0.15'
Driver info: org.openqa.selenium.chrome.ChromeDriver
Command: [f4224270b725a512fe8b462a455e72f2, clickElement {id=92c83d67-94f6-4fc3-a6da-5efb2020c664}]
Capabilities {acceptInsecureCerts: false, browserName: chrome, browserVersion: 108.0.5359.125, chrome: {chromedriverVersion: 108.0.5359.71 (1e0e3868ee06..., userDataDir: C:\Users\PRITAM~1\AppData\L...}, goog:chromeOptions: {debuggerAddress: localhost:64798}, networkConnectionEnabled: false, pageLoadStrategy: normal, platformName: WINDOWS, proxy: Proxy(), se:cdp: ws://localhost:64798/devtoo..., se:cdpVersion: 108.0.5359.125, setWindowRect: true, strictFileInteractability: false, timeouts: {implicit: 0, pageLoad: 300000, script: 30000}, unhandledPromptBehavior: dismiss and notify, webauthn:extension:credBlob: true, webauthn:extension:largeBlob: true, webauthn:virtualAuthenticators: true}
Element: [[ChromeDriver: chrome on WINDOWS (f4224270b725a512fe8b462a455e72f2)] -> xpath: //a[contains(text(),'Careers')]]
Session ID: f4224270b725a512fe8b462a455e72f2
	at java.base/jdk.internal.reflect.NativeConstructorAccessorImpl.newInstance0(Native Method)
	at java.base/jdk.internal.reflect.NativeConstructorAccessorImpl.newInstance(NativeConstructorAccessorImpl.java:62)
	at java.base/jdk.internal.reflect.DelegatingConstructorAccessorImpl.newInstance(DelegatingConstructorAccessorImpl.java:45)
	at java.base/java.lang.reflect.Constructor.newInstance(Constructor.java:490)
	at org.openqa.selenium.remote.codec.w3c.W3CHttpResponseCodec.createException(W3CHttpResponseCodec.java:200)
	at org.openqa.selenium.remote.codec.w3c.W3CHttpResponseCodec.decode(W3CHttpResponseCodec.java:133)
	at org.openqa.selenium.remote.codec.w3c.W3CHttpResponseCodec.decode(W3CHttpResponseCodec.java:53)
	at org.openqa.selenium.remote.HttpCommandExecutor.execute(HttpCommandExecutor.java:184)
	at org.openqa.selenium.remote.service.DriverCommandExecutor.invokeExecute(DriverCommandExecutor.java:167)
	at org.openqa.selenium.remote.service.DriverCommandExecutor.execute(DriverCommandExecutor.java:142)
	at org.openqa.selenium.remote.RemoteWebDriver.execute(RemoteWebDriver.java:541)
	at org.openqa.selenium.remote.RemoteWebElement.execute(RemoteWebElement.java:257)
	at org.openqa.selenium.remote.RemoteWebElement.click(RemoteWebElement.java:78)
	at java.base/jdk.internal.reflect.NativeMethodAccessorImpl.invoke0(Native Method)
	at java.base/jdk.internal.reflect.NativeMethodAccessorImpl.invoke(NativeMethodAccessorImpl.java:62)
	at java.base/jdk.internal.reflect.DelegatingMethodAccessorImpl.invoke(DelegatingMethodAccessorImpl.java:43)
	at java.base/java.lang.reflect.Method.invoke(Method.java:566)
	at org.openqa.selenium.support.pagefactory.internal.LocatingElementHandler.invoke(LocatingElementHandler.java:52)
	at com.sun.proxy.$Proxy16.click(Unknown Source)
	at Pages.Careers_Page.Careers_footer(Careers_Page.java:45)
	at testCases.Test3_Careers.Careers_Test(Test3_Careers.java:22)
	at java.base/jdk.internal.reflect.NativeMethodAccessorImpl.invoke0(Native Method)
	at java.base/jdk.internal.reflect.NativeMethodAccessorImpl.invoke(NativeMethodAccessorImpl.java:62)
	at java.base/jdk.internal.reflect.DelegatingMethodAccessorImpl.invoke(DelegatingMethodAccessorImpl.java:43)
	at java.base/java.lang.reflect.Method.invoke(Method.java:566)
	at org.testng.internal.MethodInvocationHelper.invokeMethod(MethodInvocationHelper.java:134)
	at org.testng.internal.TestInvoker.invokeMethod(TestInvoker.java:597)
	at org.testng.internal.TestInvoker.invokeTestMethod(TestInvoker.java:173)
	at org.testng.internal.MethodRunner.runInSequence(MethodRunner.java:46)
	at org.testng.internal.TestInvoker$MethodInvocationAgent.invoke(TestInvoker.java:816)
	at org.testng.internal.TestInvoker.invokeTestMethods(TestInvoker.java:146)
	at org.testng.internal.TestMethodWorker.invokeTestMethods(TestMethodWorker.java:146)
	at org.testng.internal.TestMethodWorker.run(TestMethodWorker.java:128)
	at java.base/java.util.ArrayList.forEach(ArrayList.java:1541)
	at org.testng.TestRunner.privateRun(TestRunner.java:766)
	at org.testng.TestRunner.run(TestRunner.java:587)
	at org.testng.SuiteRunner.runTest(SuiteRunner.java:384)
	at org.testng.SuiteRunner.runSequentially(SuiteRunner.java:378)
	at org.testng.SuiteRunner.privateRun(SuiteRunner.java:337)
	at org.testng.SuiteRunner.run(SuiteRunner.java:286)
	at org.testng.SuiteRunnerWorker.runSuite(SuiteRunnerWorker.java:53)
	at org.testng.SuiteRunnerWorker.run(SuiteRunnerWorker.java:96)
	at org.testng.TestNG.runSuitesSequentially(TestNG.java:1187)
	at org.testng.TestNG.runSuitesLocally(TestNG.java:1109)
	at org.testng.TestNG.runSuites(TestNG.java:1039)
	at org.testng.TestNG.run(TestNG.java:1007)
	at org.apache.maven.surefire.testng.TestNGExecutor.run(TestNGExecutor.java:135)
	at org.apache.maven.surefire.testng.TestNGDirectoryTestSuite.executeMulti(TestNGDirectoryTestSuite.java:193)
	at org.apache.maven.surefire.testng.TestNGDirectoryTestSuite.execute(TestNGDirectoryTestSuite.java:94)
	at org.apache.maven.surefire.testng.TestNGProvider.invoke(TestNGProvider.java:146)
	at org.apache.maven.surefire.booter.ForkedBooter.invokeProviderInSameClassLoader(ForkedBooter.java:384)
	at org.apache.maven.surefire.booter.ForkedBooter.runSuitesInProcess(ForkedBooter.java:345)
	at org.apache.maven.surefire.booter.ForkedBooter.execute(ForkedBooter.java:126)
	at org.apache.maven.surefire.booter.ForkedBooter.main(ForkedBooter.java:418)



# Created at 2023-01-10T04:39:13.734
Unexpected IOException: 5,1,testCases.Test4_Compare,compare_product(testCases.Test4_Compare),testCases.Test4_Compare,null,null


# Created at 2023-01-10T04:39:13.891
Unexpected IOException with stream: 01-10-2023 04:39:13 SearchPage.java INFO  [main] Pages.SearchPage 31 - Product entered


# Created at 2023-01-10T04:39:13.934
Unexpected IOException with stream: 01-10-2023 04:39:13 SearchPage.java INFO  [main] Pages.SearchPage 35 - Product searched


# Created at 2023-01-10T04:39:20.072
Unexpected IOException: 8,1,testCases.Test4_Compare,compare_product(testCases.Test4_Compare),null,element click intercepted: Element <span>...</span> is not clickable at point (490\002C 447). Other element would receive the click: <div class="_2hriZF _2rbIyg" tabindex="-1">...</div>\000A  (Session info: headless chrome=108.0.5359.125)\000ABuild info: version: '4.6.0'\002C revision: '79f1c02ae20'\000ASystem info: os.name: 'Windows 11'\002C os.arch: 'amd64'\002C os.version: '10.0'\002C java.version: '11.0.15'\000ADriver info: org.openqa.selenium.chrome.ChromeDriver\000ACommand: [f4224270b725a512fe8b462a455e72f2\002C clickElement {id=eafb2ec7-2268-4d5d-90f7-87ed28da069e}]\000ACapabilities {acceptInsecureCerts: false\002C browserName: chrome\002C browserVersion: 108.0.5359.125\002C chrome: {chromedriverVersion: 108.0.5359.71 (1e0e3868ee06...\002C userDataDir: C:\005CUsers\005CPRITAM~1\005CAppData\005CL...}\002C goog:chromeOptions: {debuggerAddress: localhost:64798}\002C networkConnectionEnabled: false\002C pageLoadStrategy: normal\002C platformName: WINDOWS\002C proxy: Proxy()\002C se:cdp: ws://localhost:64798/devtoo...\002C se:cdpVersion: 108.0.5359.125\002C setWindowRect: true\002C strictFileInteractability: false\002C timeouts: {implicit: 0\002C pageLoad: 300000\002C script: 30000}\002C unhandledPromptBehavior: dismiss and notify\002C webauthn:extension:credBlob: true\002C webauthn:extension:largeBlob: true\002C webauthn:virtualAuthenticators: true}\000AElement: [[ChromeDriver: chrome on WINDOWS (f4224270b725a512fe8b462a455e72f2)] -> xpath: //body[1]/div[1]/div[1]/div[3]/div[1]/div[2]/div[2]/div[1]/div[1]/div[1]/a[1]/div[1]/div[2]/div[1]/label[1]/span[1]]\000ASession ID: f4224270b725a512fe8b462a455e72f2,null,element click intercepted: Element <span>...</span> is not clickable at point (490\002C 447). Other element would receive the click: <div class="_2hriZF _2rbIyg" tabindex="-1">...</div>\000A  (Session info: headless chrome=108.0.5359.125)\000ABuild info: version: '4.6.0'\002C revision: '79f1c02ae20'\000ASystem info: os.name: 'Windows 11'\002C os.arch: 'amd64'\002C os.version: '10.0'\002C java.version: '11.0.15'\000ADriver info: org.openqa.selenium.chrome.ChromeDriver\000ACommand: [f4224270b725a512fe8b462a455e72f2\002C clickElement {id=eafb2ec7-2268-4d5d-90f7-87ed28da069e}]\000ACapabilities {acceptInsecureCerts: false\002C browserName: chrome\002C browserVersion: 108.0.5359.125\002C chrome: {chromedriverVersion: 108.0.5359.71 (1e0e3868ee06...\002C userDataDir: C:\005CUsers\005CPRITAM~1\005CAppData\005CL...}\002C goog:chromeOptions: {debuggerAddress: localhost:64798}\002C networkConnectionEnabled: false\002C pageLoadStrategy: normal\002C platformName: WINDOWS\002C proxy: Proxy()\002C se:cdp: ws://localhost:64798/devtoo...\002C se:cdpVersion: 108.0.5359.125\002C setWindowRect: true\002C strictFileInteractability: false\002C timeouts: {implicit: 0\002C pageLoad: 300000\002C script: 30000}\002C unhandledPromptBehavior: dismiss and notify\002C webauthn:extension:credBlob: true\002C webauthn:extension:largeBlob: true\002C webauthn:virtualAuthenticators: true}\000AElement: [[ChromeDriver: chrome on WINDOWS (f4224270b725a512fe8b462a455e72f2)] -> xpath: //body[1]/div[1]/div[1]/div[3]/div[1]/div[2]/div[2]/div[1]/div[1]/div[1]/a[1]/div[1]/div[2]/div[1]/label[1]/span[1]]\000ASession ID: f4224270b725a512fe8b462a455e72f2,Test4_Compare.compare_product:30 \00BB ElementClickIntercepted element click inter...,org.openqa.selenium.ElementClickInterceptedException: \000Aelement click intercepted: Element <span>...</span> is not clickable at point (490\002C 447). Other element would receive the click: <div class="_2hriZF _2rbIyg" tabindex="-1">...</div>\000A  (Session info: headless chrome=108.0.5359.125)\000ABuild info: version: '4.6.0'\002C revision: '79f1c02ae20'\000ASystem info: os.name: 'Windows 11'\002C os.arch: 'amd64'\002C os.version: '10.0'\002C java.version: '11.0.15'\000ADriver info: org.openqa.selenium.chrome.ChromeDriver\000ACommand: [f4224270b725a512fe8b462a455e72f2\002C clickElement {id=eafb2ec7-2268-4d5d-90f7-87ed28da069e}]\000ACapabilities {acceptInsecureCerts: false\002C browserName: chrome\002C browserVersion: 108.0.5359.125\002C chrome: {chromedriverVersion: 108.0.5359.71 (1e0e3868ee06...\002C userDataDir: C:\005CUsers\005CPRITAM~1\005CAppData\005CL...}\002C goog:chromeOptions: {debuggerAddress: localhost:64798}\002C networkConnectionEnabled: false\002C pageLoadStrategy: normal\002C platformName: WINDOWS\002C proxy: Proxy()\002C se:cdp: ws://localhost:64798/devtoo...\002C se:cdpVersion: 108.0.5359.125\002C setWindowRect: true\002C strictFileInteractability: false\002C timeouts: {implicit: 0\002C pageLoad: 300000\002C script: 30000}\002C unhandledPromptBehavior: dismiss and notify\002C webauthn:extension:credBlob: true\002C webauthn:extension:largeBlob: true\002C webauthn:virtualAuthenticators: true}\000AElement: [[ChromeDriver: chrome on WINDOWS (f4224270b725a512fe8b462a455e72f2)] -> xpath: //body[1]/div[1]/div[1]/div[3]/div[1]/div[2]/div[2]/div[1]/div[1]/div[1]/a[1]/div[1]/div[2]/div[1]/label[1]/span[1]]\000ASession ID: f4224270b725a512fe8b462a455e72f2\000A\0009at testCases.Test4_Compare.compare_product(Test4_Compare.java:30)\000A


# Created at 2023-01-10T04:39:20.076
Unexpected IOException with stream: compare_product


# Created at 2023-01-10T04:39:20.081
Unexpected IOException with stream: org.openqa.selenium.ElementClickInterceptedException: element click intercepted: Element <span>...</span> is not clickable at point (490, 447). Other element would receive the click: <div class="_2hriZF _2rbIyg" tabindex="-1">...</div>
  (Session info: headless chrome=108.0.5359.125)
Build info: version: '4.6.0', revision: '79f1c02ae20'
System info: os.name: 'Windows 11', os.arch: 'amd64', os.version: '10.0', java.version: '11.0.15'
Driver info: org.openqa.selenium.chrome.ChromeDriver
Command: [f4224270b725a512fe8b462a455e72f2, clickElement {id=eafb2ec7-2268-4d5d-90f7-87ed28da069e}]
Capabilities {acceptInsecureCerts: false, browserName: chrome, browserVersion: 108.0.5359.125, chrome: {chromedriverVersion: 108.0.5359.71 (1e0e3868ee06..., userDataDir: C:\Users\PRITAM~1\AppData\L...}, goog:chromeOptions: {debuggerAddress: localhost:64798}, networkConnectionEnabled: false, pageLoadStrategy: normal, platformName: WINDOWS, proxy: Proxy(), se:cdp: ws://localhost:64798/devtoo..., se:cdpVersion: 108.0.5359.125, setWindowRect: true, strictFileInteractability: false, timeouts: {implicit: 0, pageLoad: 300000, script: 30000}, unhandledPromptBehavior: dismiss and notify, webauthn:extension:credBlob: true, webauthn:extension:largeBlob: true, webauthn:virtualAuthenticators: true}
Element: [[ChromeDriver: chrome on WINDOWS (f4224270b725a512fe8b462a455e72f2)] -> xpath: //body[1]/div[1]/div[1]/div[3]/div[1]/div[2]/div[2]/div[1]/div[1]/div[1]/a[1]/div[1]/div[2]/div[1]/label[1]/span[1]]
Session ID: f4224270b725a512fe8b462a455e72f2
	at java.base/jdk.internal.reflect.NativeConstructorAccessorImpl.newInstance0(Native Method)
	at java.base/jdk.internal.reflect.NativeConstructorAccessorImpl.newInstance(NativeConstructorAccessorImpl.java:62)
	at java.base/jdk.internal.reflect.DelegatingConstructorAccessorImpl.newInstance(DelegatingConstructorAccessorImpl.java:45)
	at java.base/java.lang.reflect.Constructor.newInstance(Constructor.java:490)
	at org.openqa.selenium.remote.codec.w3c.W3CHttpResponseCodec.createException(W3CHttpResponseCodec.java:200)
	at org.openqa.selenium.remote.codec.w3c.W3CHttpResponseCodec.decode(W3CHttpResponseCodec.java:133)
	at org.openqa.selenium.remote.codec.w3c.W3CHttpResponseCodec.decode(W3CHttpResponseCodec.java:53)
	at org.openqa.selenium.remote.HttpCommandExecutor.execute(HttpCommandExecutor.java:184)
	at org.openqa.selenium.remote.service.DriverCommandExecutor.invokeExecute(DriverCommandExecutor.java:167)
	at org.openqa.selenium.remote.service.DriverCommandExecutor.execute(DriverCommandExecutor.java:142)
	at org.openqa.selenium.remote.RemoteWebDriver.execute(RemoteWebDriver.java:541)
	at org.openqa.selenium.remote.RemoteWebElement.execute(RemoteWebElement.java:257)
	at org.openqa.selenium.remote.RemoteWebElement.click(RemoteWebElement.java:78)
	at java.base/jdk.internal.reflect.NativeMethodAccessorImpl.invoke0(Native Method)
	at java.base/jdk.internal.reflect.NativeMethodAccessorImpl.invoke(NativeMethodAccessorImpl.java:62)
	at java.base/jdk.internal.reflect.DelegatingMethodAccessorImpl.invoke(DelegatingMethodAccessorImpl.java:43)
	at java.base/java.lang.reflect.Method.invoke(Method.java:566)
	at org.openqa.selenium.support.pagefactory.internal.LocatingElementHandler.invoke(LocatingElementHandler.java:52)
	at com.sun.proxy.$Proxy16.click(Unknown Source)
	at Pages.Compare_page.Compare_now(Compare_page.java:41)
	at testCases.Test4_Compare.compare_product(Test4_Compare.java:30)
	at java.base/jdk.internal.reflect.NativeMethodAccessorImpl.invoke0(Native Method)
	at java.base/jdk.internal.reflect.NativeMethodAccessorImpl.invoke(NativeMethodAccessorImpl.java:62)
	at java.base/jdk.internal.reflect.DelegatingMethodAccessorImpl.invoke(DelegatingMethodAccessorImpl.java:43)
	at java.base/java.lang.reflect.Method.invoke(Method.java:566)
	at org.testng.internal.MethodInvocationHelper.invokeMethod(MethodInvocationHelper.java:134)
	at org.testng.internal.TestInvoker.invokeMethod(TestInvoker.java:597)
	at org.testng.internal.TestInvoker.invokeTestMethod(TestInvoker.java:173)
	at org.testng.internal.MethodRunner.runInSequence(MethodRunner.java:46)
	at org.testng.internal.TestInvoker$MethodInvocationAgent.invoke(TestInvoker.java:816)
	at org.testng.internal.TestInvoker.invokeTestMethods(TestInvoker.java:146)
	at org.testng.internal.TestMethodWorker.invokeTestMethods(TestMethodWorker.java:146)
	at org.testng.internal.TestMethodWorker.run(TestMethodWorker.java:128)
	at java.base/java.util.ArrayList.forEach(ArrayList.java:1541)
	at org.testng.TestRunner.privateRun(TestRunner.java:766)
	at org.testng.TestRunner.run(TestRunner.java:587)
	at org.testng.SuiteRunner.runTest(SuiteRunner.java:384)
	at org.testng.SuiteRunner.runSequentially(SuiteRunner.java:378)
	at org.testng.SuiteRunner.privateRun(SuiteRunner.java:337)
	at org.testng.SuiteRunner.run(SuiteRunner.java:286)
	at org.testng.SuiteRunnerWorker.runSuite(SuiteRunnerWorker.java:53)
	at org.testng.SuiteRunnerWorker.run(SuiteRunnerWorker.java:96)
	at org.testng.TestNG.runSuitesSequentially(TestNG.java:1187)
	at org.testng.TestNG.runSuitesLocally(TestNG.java:1109)
	at org.testng.TestNG.runSuites(TestNG.java:1039)
	at org.testng.TestNG.run(TestNG.java:1007)
	at org.apache.maven.surefire.testng.TestNGExecutor.run(TestNGExecutor.java:135)
	at org.apache.maven.surefire.testng.TestNGDirectoryTestSuite.executeMulti(TestNGDirectoryTestSuite.java:193)
	at org.apache.maven.surefire.testng.TestNGDirectoryTestSuite.execute(TestNGDirectoryTestSuite.java:94)
	at org.apache.maven.surefire.testng.TestNGProvider.invoke(TestNGProvider.java:146)
	at org.apache.maven.surefire.booter.ForkedBooter.invokeProviderInSameClassLoader(ForkedBooter.java:384)
	at org.apache.maven.surefire.booter.ForkedBooter.runSuitesInProcess(ForkedBooter.java:345)
	at org.apache.maven.surefire.booter.ForkedBooter.execute(ForkedBooter.java:126)
	at org.apache.maven.surefire.booter.ForkedBooter.main(ForkedBooter.java:418)



# Created at 2023-01-10T04:39:21.135
Unexpected IOException: 5,1,testCases.Test5_Customer_care,Customer_care_test(testCases.Test5_Customer_care),testCases.Test5_Customer_care,null,null


# Created at 2023-01-10T04:39:21.150
Unexpected IOException: 8,1,testCases.Test5_Customer_care,Customer_care_test(testCases.Test5_Customer_care),null,null,null,null,Test5_Customer_care.Customer_care_test:19 NullPointer,java.lang.NullPointerException\000A\0009at testCases.Test5_Customer_care.Customer_care_test(Test5_Customer_care.java:19)\000A


# Created at 2023-01-10T04:39:21.151
Unexpected IOException with stream: Customer_care_test


# Created at 2023-01-10T04:39:21.151
Unexpected IOException with stream: java.lang.NullPointerException
	at testCases.Test5_Customer_care.Customer_care_test(Test5_Customer_care.java:19)
	at java.base/jdk.internal.reflect.NativeMethodAccessorImpl.invoke0(Native Method)
	at java.base/jdk.internal.reflect.NativeMethodAccessorImpl.invoke(NativeMethodAccessorImpl.java:62)
	at java.base/jdk.internal.reflect.DelegatingMethodAccessorImpl.invoke(DelegatingMethodAccessorImpl.java:43)
	at java.base/java.lang.reflect.Method.invoke(Method.java:566)
	at org.testng.internal.MethodInvocationHelper.invokeMethod(MethodInvocationHelper.java:134)
	at org.testng.internal.TestInvoker.invokeMethod(TestInvoker.java:597)
	at org.testng.internal.TestInvoker.invokeTestMethod(TestInvoker.java:173)
	at org.testng.internal.MethodRunner.runInSequence(MethodRunner.java:46)
	at org.testng.internal.TestInvoker$MethodInvocationAgent.invoke(TestInvoker.java:816)
	at org.testng.internal.TestInvoker.invokeTestMethods(TestInvoker.java:146)
	at org.testng.internal.TestMethodWorker.invokeTestMethods(TestMethodWorker.java:146)
	at org.testng.internal.TestMethodWorker.run(TestMethodWorker.java:128)
	at java.base/java.util.ArrayList.forEach(ArrayList.java:1541)
	at org.testng.TestRunner.privateRun(TestRunner.java:766)
	at org.testng.TestRunner.run(TestRunner.java:587)
	at org.testng.SuiteRunner.runTest(SuiteRunner.java:384)
	at org.testng.SuiteRunner.runSequentially(SuiteRunner.java:378)
	at org.testng.SuiteRunner.privateRun(SuiteRunner.java:337)
	at org.testng.SuiteRunner.run(SuiteRunner.java:286)
	at org.testng.SuiteRunnerWorker.runSuite(SuiteRunnerWorker.java:53)
	at org.testng.SuiteRunnerWorker.run(SuiteRunnerWorker.java:96)
	at org.testng.TestNG.runSuitesSequentially(TestNG.java:1187)
	at org.testng.TestNG.runSuitesLocally(TestNG.java:1109)
	at org.testng.TestNG.runSuites(TestNG.java:1039)
	at org.testng.TestNG.run(TestNG.java:1007)
	at org.apache.maven.surefire.testng.TestNGExecutor.run(TestNGExecutor.java:135)
	at org.apache.maven.surefire.testng.TestNGDirectoryTestSuite.executeMulti(TestNGDirectoryTestSuite.java:193)
	at org.apache.maven.surefire.testng.TestNGDirectoryTestSuite.execute(TestNGDirectoryTestSuite.java:94)
	at org.apache.maven.surefire.testng.TestNGProvider.invoke(TestNGProvider.java:146)
	at org.apache.maven.surefire.booter.ForkedBooter.invokeProviderInSameClassLoader(ForkedBooter.java:384)
	at org.apache.maven.surefire.booter.ForkedBooter.runSuitesInProcess(ForkedBooter.java:345)
	at org.apache.maven.surefire.booter.ForkedBooter.execute(ForkedBooter.java:126)
	at org.apache.maven.surefire.booter.ForkedBooter.main(ForkedBooter.java:418)



# Created at 2023-01-10T04:39:22.370
Unexpected IOException: 5,1,testCases.Test6_Explore_Plus_Test,Explore(testCases.Test6_Explore_Plus_Test),testCases.Test6_Explore_Plus_Test,null,null


# Created at 2023-01-10T04:39:22.571
Unexpected IOException with stream: 01-10-2023 04:39:22 Explore_plus_Page.java INFO  [main] Pages.Explore_plus_Page 36 - Explore plus clicked


# Created at 2023-01-10T04:39:27.119
Unexpected IOException with stream: 01-10-2023 04:39:27 Explore_plus_Page.java INFO  [main] Pages.Explore_plus_Page 39 - Reward store button clicked


# Created at 2023-01-10T04:39:31.593
Unexpected IOException with stream: 01-10-2023 04:39:31 Explore_plus_Page.java INFO  [main] Pages.Explore_plus_Page 42 - Claimed reward clicked


# Created at 2023-01-10T04:39:35.617
Unexpected IOException with stream: Claimed Offers â€“ Check the list of Offers claimed

# Created at 2023-01-10T04:39:35.618
Unexpected IOException with stream: 01-10-2023 04:39:35 Explore_plus_Page.java INFO  [main] Pages.Explore_plus_Page 48 - Assertion checked successfully


# Created at 2023-01-10T04:39:35.620
Unexpected IOException: 6,1,testCases.Test6_Explore_Plus_Test,Explore(testCases.Test6_Explore_Plus_Test),null,null,null


# Created at 2023-01-10T04:39:35.621
Unexpected IOException with stream: Explore


# Created at 2023-01-10T04:39:36.453
Unexpected IOException: 5,1,testCases.Test7_Flipkart_stories,stories(testCases.Test7_Flipkart_stories),testCases.Test7_Flipkart_stories,null,null


# Created at 2023-01-10T04:39:36.478
Unexpected IOException with stream: 01-10-2023 04:39:36 Flipkart_stories_page.java INFO  [main] Pages.Flipkart_stories_page 40 - Page scrolled successfully


