<?xml version="1.0" encoding="UTF-8"?>
<testsuite xmlns:xsi="http://www.w3.org/2001/XMLSchema-instance" xsi:noNamespaceSchemaLocation="https://maven.apache.org/surefire/maven-surefire-plugin/xsd/surefire-test-report.xsd" name="TestSuite" time="336.547" tests="19" errors="0" skipped="0" failures="4">
  <properties>
[...]
</properties>
  <testcase name="login" classname="Flipkart_testcases.Test_02_login" time="0.326"/>
  <testcase name="search" classname="Flipkart_testcases.Test_03_search_product" time="1.35"/>
  <testcase name="addToCart" classname="Flipkart_testcases.Test_04_add_to_cart" time="8.609"/>
  <testcase name="GiftCardTest" classname="Flipkart_testcases.Test_05_giftCards" time="28.837"/>
  <testcase name="grocery_basket" classname="Flipkart_testcases.Test_06_grocery_basket" time="13.268"/>
  <testcase name="grocery_test" classname="Flipkart_testcases.Test_07_grocery" time="5.184">
    <failure message="no such element: Unable to locate element: {&quot;method&quot;:&quot;xpath&quot;,&quot;selector&quot;:&quot;//*[@id=&quot;container&quot;]/div/div[1]/div[1]/div[2]/div[3]/div[2]/div/div[2]/div[2]/div/div/div[1]/form/input&quot;}&#10;  (Session info: chrome=108.0.5359.125)&#10;For documentation on this error, please visit: https://selenium.dev/exceptions/#no_such_element&#10;Build info: version: &apos;4.6.0&apos;, revision: &apos;79f1c02ae20&apos;&#10;System info: os.name: &apos;Windows 11&apos;, os.arch: &apos;amd64&apos;, os.version: &apos;10.0&apos;, java.version: &apos;11.0.15&apos;&#10;Driver info: org.openqa.selenium.chrome.ChromeDriver&#10;Command: [6cb67fabfc7de3faff1845d80335732f, findElement {using=xpath, value=//*[@id=&quot;container&quot;]/div/div[1]/div[1]/div[2]/div[3]/div[2]/div/div[2]/div[2]/div/div/div[1]/form/input}]&#10;Capabilities {acceptInsecureCerts: false, browserName: chrome, browserVersion: 108.0.5359.125, chrome: {chromedriverVersion: 108.0.5359.71 (1e0e3868ee06..., userDataDir: C:\Users\PRITAM~1\AppData\L...}, goog:chromeOptions: {debuggerAddress: localhost:55101}, networkConnectionEnabled: false, pageLoadStrategy: normal, platformName: WINDOWS, proxy: Proxy(), se:cdp: ws://localhost:55101/devtoo..., se:cdpVersion: 108.0.5359.125, setWindowRect: true, strictFileInteractability: false, timeouts: {implicit: 0, pageLoad: 300000, script: 30000}, unhandledPromptBehavior: dismiss and notify, webauthn:extension:credBlob: true, webauthn:extension:largeBlob: true, webauthn:virtualAuthenticators: true}&#10;Session ID: 6cb67fabfc7de3faff1845d80335732f" type="org.openqa.selenium.NoSuchElementException">org.openqa.selenium.NoSuchElementException: 
no such element: Unable to locate element: {"method":"xpath","selector":"//*[@id="container"]/div/div[1]/div[1]/div[2]/div[3]/div[2]/div/div[2]/div[2]/div/div/div[1]/form/input"}
  (Session info: chrome=108.0.5359.125)
For documentation on this error, please visit: https://selenium.dev/exceptions/#no_such_element
Build info: version: '4.6.0', revision: '79f1c02ae20'
System info: os.name: 'Windows 11', os.arch: 'amd64', os.version: '10.0', java.version: '11.0.15'
Driver info: org.openqa.selenium.chrome.ChromeDriver
Command: [6cb67fabfc7de3faff1845d80335732f, findElement {using=xpath, value=//*[@id="container"]/div/div[1]/div[1]/div[2]/div[3]/div[2]/div/div[2]/div[2]/div/div/div[1]/form/input}]
Capabilities {acceptInsecureCerts: false, browserName: chrome, browserVersion: 108.0.5359.125, chrome: {chromedriverVersion: 108.0.5359.71 (1e0e3868ee06..., userDataDir: C:\Users\PRITAM~1\AppData\L...}, goog:chromeOptions: {debuggerAddress: localhost:55101}, networkConnectionEnabled: false, pageLoadStrategy: normal, platformName: WINDOWS, proxy: Proxy(), se:cdp: ws://localhost:55101/devtoo..., se:cdpVersion: 108.0.5359.125, setWindowRect: true, strictFileInteractability: false, timeouts: {implicit: 0, pageLoad: 300000, script: 30000}, unhandledPromptBehavior: dismiss and notify, webauthn:extension:credBlob: true, webauthn:extension:largeBlob: true, webauthn:virtualAuthenticators: true}
Session ID: 6cb67fabfc7de3faff1845d80335732f
	at Flipkart_testcases.Test_07_grocery.grocery_test(Test_07_grocery.java:24)
</failure>
    <system-out><![CDATA[grocery_basket
01-10-2023 06:59:48 GroceryPage.java INFO  [main] Pages.GroceryPage 34 - Grocery button clicked
]]></system-out>
  </testcase>
  <testcase name="Mobile_TestCase" classname="Flipkart_testcases.Test_08_mobiles" time="16.297"/>
  <testcase name="Hover" classname="Flipkart_testcases.Test_09_mouse_hover" time="8.311"/>
  <testcase name="order_place" classname="Flipkart_testcases.Test_10_place_order" time="13.609">
    <failure message="no such element: Unable to locate element: {&quot;method&quot;:&quot;css selector&quot;,&quot;selector&quot;:&quot;div._1Er18h div._6t1WkM._3HqJxg div._1YokD2._2GoDe3.col-12-12 div._1YokD2._3Mn1Gg:nth-child(1) div._1YokD2._3Mn1Gg.col-12-12 div._1AtVbE.col-12-12:nth-child(3) div.zab8Yh._10k93p div.nZz3kj._1hNI6F div._1uc2IE div._3dY_ZR &gt; button._23FHuj:nth-child(3)&quot;}&#10;  (Session info: chrome=108.0.5359.125)&#10;For documentation on this error, please visit: https://selenium.dev/exceptions/#no_such_element&#10;Build info: version: &apos;4.6.0&apos;, revision: &apos;79f1c02ae20&apos;&#10;System info: os.name: &apos;Windows 11&apos;, os.arch: &apos;amd64&apos;, os.version: &apos;10.0&apos;, java.version: &apos;11.0.15&apos;&#10;Driver info: org.openqa.selenium.chrome.ChromeDriver&#10;Command: [6cb67fabfc7de3faff1845d80335732f, findElement {using=css selector, value=div._1Er18h div._6t1WkM._3HqJxg div._1YokD2._2GoDe3.col-12-12 div._1YokD2._3Mn1Gg:nth-child(1) div._1YokD2._3Mn1Gg.col-12-12 div._1AtVbE.col-12-12:nth-child(3) div.zab8Yh._10k93p div.nZz3kj._1hNI6F div._1uc2IE div._3dY_ZR &gt; button._23FHuj:nth-child(3)}]&#10;Capabilities {acceptInsecureCerts: false, browserName: chrome, browserVersion: 108.0.5359.125, chrome: {chromedriverVersion: 108.0.5359.71 (1e0e3868ee06..., userDataDir: C:\Users\PRITAM~1\AppData\L...}, goog:chromeOptions: {debuggerAddress: localhost:55101}, networkConnectionEnabled: false, pageLoadStrategy: normal, platformName: WINDOWS, proxy: Proxy(), se:cdp: ws://localhost:55101/devtoo..., se:cdpVersion: 108.0.5359.125, setWindowRect: true, strictFileInteractability: false, timeouts: {implicit: 0, pageLoad: 300000, script: 30000}, unhandledPromptBehavior: dismiss and notify, webauthn:extension:credBlob: true, webauthn:extension:largeBlob: true, webauthn:virtualAuthenticators: true}&#10;Session ID: 6cb67fabfc7de3faff1845d80335732f" type="org.openqa.selenium.NoSuchElementException">org.openqa.selenium.NoSuchElementException: 
no such element: Unable to locate element: {"method":"css selector","selector":"div._1Er18h div._6t1WkM._3HqJxg div._1YokD2._2GoDe3.col-12-12 div._1YokD2._3Mn1Gg:nth-child(1) div._1YokD2._3Mn1Gg.col-12-12 div._1AtVbE.col-12-12:nth-child(3) div.zab8Yh._10k93p div.nZz3kj._1hNI6F div._1uc2IE div._3dY_ZR > button._23FHuj:nth-child(3)"}
  (Session info: chrome=108.0.5359.125)
For documentation on this error, please visit: https://selenium.dev/exceptions/#no_such_element
Build info: version: '4.6.0', revision: '79f1c02ae20'
System info: os.name: 'Windows 11', os.arch: 'amd64', os.version: '10.0', java.version: '11.0.15'
Driver info: org.openqa.selenium.chrome.ChromeDriver
Command: [6cb67fabfc7de3faff1845d80335732f, findElement {using=css selector, value=div._1Er18h div._6t1WkM._3HqJxg div._1YokD2._2GoDe3.col-12-12 div._1YokD2._3Mn1Gg:nth-child(1) div._1YokD2._3Mn1Gg.col-12-12 div._1AtVbE.col-12-12:nth-child(3) div.zab8Yh._10k93p div.nZz3kj._1hNI6F div._1uc2IE div._3dY_ZR > button._23FHuj:nth-child(3)}]
Capabilities {acceptInsecureCerts: false, browserName: chrome, browserVersion: 108.0.5359.125, chrome: {chromedriverVersion: 108.0.5359.71 (1e0e3868ee06..., userDataDir: C:\Users\PRITAM~1\AppData\L...}, goog:chromeOptions: {debuggerAddress: localhost:55101}, networkConnectionEnabled: false, pageLoadStrategy: normal, platformName: WINDOWS, proxy: Proxy(), se:cdp: ws://localhost:55101/devtoo..., se:cdpVersion: 108.0.5359.125, setWindowRect: true, strictFileInteractability: false, timeouts: {implicit: 0, pageLoad: 300000, script: 30000}, unhandledPromptBehavior: dismiss and notify, webauthn:extension:credBlob: true, webauthn:extension:largeBlob: true, webauthn:virtualAuthenticators: true}
Session ID: 6cb67fabfc7de3faff1845d80335732f
	at Flipkart_testcases.Test_10_place_order.order_place(Test_10_place_order.java:31)
</failure>
    <system-out><![CDATA[Hover
01-10-2023 07:00:21 SearchPage.java INFO  [main] Pages.SearchPage 31 - Product entered
01-10-2023 07:00:21 SearchPage.java INFO  [main] Pages.SearchPage 35 - Product searched
01-10-2023 07:00:21 CartPage.java INFO  [main] Pages.CartPage 40 - Product selected
01-10-2023 07:00:22 CartPage.java INFO  [main] Pages.CartPage 52 - switched to the next window
01-10-2023 07:00:23 CartPage.java INFO  [main] Pages.CartPage 55 - Product added to the cart
Shopping Cart | Flipkart.com01-10-2023 07:00:27 CartPage.java INFO  [main] Pages.CartPage 61 - Assertion checked successfully
01-10-2023 07:00:29 Place_order_page.java INFO  [main] Pages.Place_order_page 31 - Page scrolled
]]></system-out>
  </testcase>
  <testcase name="SellerTest" classname="Flipkart_testcases.Test_11_Seller" time="8.594"/>
  <testcase name="Test_searchFlight" classname="Flipkart_testcases.Test_12_travel" time="10.652">
    <failure message="element not interactable&#10;  (Session info: chrome=108.0.5359.125)&#10;Build info: version: &apos;4.6.0&apos;, revision: &apos;79f1c02ae20&apos;&#10;System info: os.name: &apos;Windows 11&apos;, os.arch: &apos;amd64&apos;, os.version: &apos;10.0&apos;, java.version: &apos;11.0.15&apos;&#10;Driver info: org.openqa.selenium.chrome.ChromeDriver&#10;Command: [6cb67fabfc7de3faff1845d80335732f, clickElement {id=d1dfbe5a-c9b2-4115-93ee-bbf904a39d76}]&#10;Capabilities {acceptInsecureCerts: false, browserName: chrome, browserVersion: 108.0.5359.125, chrome: {chromedriverVersion: 108.0.5359.71 (1e0e3868ee06..., userDataDir: C:\Users\PRITAM~1\AppData\L...}, goog:chromeOptions: {debuggerAddress: localhost:55101}, networkConnectionEnabled: false, pageLoadStrategy: normal, platformName: WINDOWS, proxy: Proxy(), se:cdp: ws://localhost:55101/devtoo..., se:cdpVersion: 108.0.5359.125, setWindowRect: true, strictFileInteractability: false, timeouts: {implicit: 0, pageLoad: 300000, script: 30000}, unhandledPromptBehavior: dismiss and notify, webauthn:extension:credBlob: true, webauthn:extension:largeBlob: true, webauthn:virtualAuthenticators: true}&#10;Element: [[ChromeDriver: chrome on WINDOWS (6cb67fabfc7de3faff1845d80335732f)] -&gt; xpath: //div[contains(text(),&apos;BLR&apos;)]]&#10;Session ID: 6cb67fabfc7de3faff1845d80335732f" type="org.openqa.selenium.ElementNotInteractableException">org.openqa.selenium.ElementNotInteractableException: 
element not interactable
  (Session info: chrome=108.0.5359.125)
Build info: version: '4.6.0', revision: '79f1c02ae20'
System info: os.name: 'Windows 11', os.arch: 'amd64', os.version: '10.0', java.version: '11.0.15'
Driver info: org.openqa.selenium.chrome.ChromeDriver
Command: [6cb67fabfc7de3faff1845d80335732f, clickElement {id=d1dfbe5a-c9b2-4115-93ee-bbf904a39d76}]
Capabilities {acceptInsecureCerts: false, browserName: chrome, browserVersion: 108.0.5359.125, chrome: {chromedriverVersion: 108.0.5359.71 (1e0e3868ee06..., userDataDir: C:\Users\PRITAM~1\AppData\L...}, goog:chromeOptions: {debuggerAddress: localhost:55101}, networkConnectionEnabled: false, pageLoadStrategy: normal, platformName: WINDOWS, proxy: Proxy(), se:cdp: ws://localhost:55101/devtoo..., se:cdpVersion: 108.0.5359.125, setWindowRect: true, strictFileInteractability: false, timeouts: {implicit: 0, pageLoad: 300000, script: 30000}, unhandledPromptBehavior: dismiss and notify, webauthn:extension:credBlob: true, webauthn:extension:largeBlob: true, webauthn:virtualAuthenticators: true}
Element: [[ChromeDriver: chrome on WINDOWS (6cb67fabfc7de3faff1845d80335732f)] -> xpath: //div[contains(text(),'BLR')]]
Session ID: 6cb67fabfc7de3faff1845d80335732f
	at Flipkart_testcases.Test_12_travel.Test_searchFlight(Test_12_travel.java:29)
</failure>
    <system-out><![CDATA[SellerTest
01-10-2023 07:00:47 TravelPage.java INFO  [main] Pages.TravelPage 59 - Travel option Clicked
01-10-2023 07:00:47 TravelPage.java INFO  [main] Pages.TravelPage 61 - Round Trip Selected successfully
01-10-2023 07:00:49 TravelPage.java INFO  [main] Pages.TravelPage 70 - From City entered successfully
]]></system-out>
  </testcase>
  <testcase name="ad_test" classname="Flipkart_testcases.Test_13_advertise" time="17.641"/>
  <testcase name="Careers_Test" classname="Flipkart_testcases.Test_14_careers" time="26.973"/>
  <testcase name="compare_product" classname="Flipkart_testcases.Test_15_compare" time="9.776"/>
  <testcase name="Customer_care_test" classname="Flipkart_testcases.Test_16_customer_care" time="0.009">
    <failure type="java.lang.NullPointerException">java.lang.NullPointerException
	at Flipkart_testcases.Test_16_customer_care.Customer_care_test(Test_16_customer_care.java:19)
</failure>
    <system-out><![CDATA[compare_product
]]></system-out>
  </testcase>
  <testcase name="Explore" classname="Flipkart_testcases.Test_17_explore_plus" time="13.143"/>
  <testcase name="stories" classname="Flipkart_testcases.Test_18_flipkart_stories" time="40.907"/>
  <testcase name="wholesale_test" classname="Flipkart_testcases.Test_19_flipkart_wholesale" time="8.769"/>
  <testcase name="FacebookFooterTest" classname="Flipkart_testcases.Test_20_footer" time="32.538"/>
</testsuite>